============================= test session starts ==============================
platform linux -- Python 3.12.3, pytest-9.0.2, pluggy-1.6.0 -- /tmp/amdpilot-repo-j-6fa01ece0553/venv/bin/python
cachedir: .pytest_cache
hypothesis profile 'default'
rootdir: /job/repo/tests
configfile: pytest.ini
plugins: hypothesis-6.150.2, anyio-4.14.2
collecting ... [aiter] WARNING: NUMA balancing is enabled, which may cause errors. It is recommended to disable NUMA balancing by running "sudo sh -c 'echo 0 > /proc/sys/kernel/numa_balancing'" for more details: https://rocm.docs.amd.com/en/latest/how-to/system-optimization/mi300x.html#disable-numa-auto-balancing
[aiter] import [module_aiter_core] under /tmp/amdpilot-repo-j-6fa01ece0553/cache/aiter/module_aiter_core.so
collected 170 items / 160 deselected / 10 selected

tests/kernels/test_preshuffle_gemm.py::test_mfma_a6w4_preshuffle[64-8192-8192-64-128-128-bf16] [W912 03:45:42.811267609 collection.cpp:1133] Warning: ROCTracer produced duplicate flow start: 1 (function operator())
================================================================================
MFMA W4A6 (MXFP6 A × MXFP4 B) GEMM Test (Tile: 64x128x128)
================================================================================
✓ Compiled (waves_per_eu=None)
[flyc] W4A6 Throughput: 54.0 us, 159.21 TFLOPS, BW: 0.690 TB/s
PASSED
tests/kernels/test_preshuffle_gemm.py::test_mfma_a6w4_preshuffle[64-8192-8192-64-128-128-fp16] ================================================================================
MFMA W4A6 (MXFP6 A × MXFP4 B) GEMM Test (Tile: 64x128x128)
================================================================================
✓ Compiled (waves_per_eu=None)
[flyc] W4A6 Throughput: 53.9 us, 159.51 TFLOPS, BW: 0.692 TB/s
PASSED
tests/kernels/test_preshuffle_gemm.py::test_mfma_a6w4_preshuffle[32-8192-8192-32-128-256-bf16] ================================================================================
MFMA W4A6 (MXFP6 A × MXFP4 B) GEMM Test (Tile: 32x128x256)
================================================================================
✓ Compiled (waves_per_eu=None)
[flyc] W4A6 Throughput: 28.9 us, 148.57 TFLOPS, BW: 1.261 TB/s
PASSED
tests/kernels/test_preshuffle_gemm.py::test_mfma_a6w4_preshuffle[32-8192-8192-32-128-256-fp16] ================================================================================
MFMA W4A6 (MXFP6 A × MXFP4 B) GEMM Test (Tile: 32x128x256)
================================================================================
✓ Compiled (waves_per_eu=None)
[flyc] W4A6 Throughput: 29.1 us, 147.47 TFLOPS, BW: 1.251 TB/s
PASSED
tests/kernels/test_preshuffle_gemm.py::test_mfma_a6w4_preshuffle[128-8192-8192-64-128-256-bf16] ================================================================================
MFMA W4A6 (MXFP6 A × MXFP4 B) GEMM Test (Tile: 64x128x256)
================================================================================
✓ Compiled (waves_per_eu=None)
[flyc] W4A6 Throughput: 39.9 us, 430.48 TFLOPS, BW: 0.973 TB/s
PASSED
tests/kernels/test_preshuffle_gemm.py::test_mfma_a6w4_preshuffle[128-8192-8192-64-128-256-fp16] ================================================================================
MFMA W4A6 (MXFP6 A × MXFP4 B) GEMM Test (Tile: 64x128x256)
================================================================================
✓ Compiled (waves_per_eu=None)
[flyc] W4A6 Throughput: 40.0 us, 429.07 TFLOPS, BW: 0.970 TB/s
PASSED
tests/kernels/test_preshuffle_gemm.py::test_mfma_a6w4_preshuffle[1024-8192-8192-64-256-256-bf16] ================================================================================
MFMA W4A6 (MXFP6 A × MXFP4 B) GEMM Test (Tile: 64x256x256)
================================================================================
✓ Compiled (waves_per_eu=None)
[flyc] W4A6 Throughput: 77.2 us, 1779.82 TFLOPS, BW: 0.791 TB/s
PASSED
tests/kernels/test_preshuffle_gemm.py::test_mfma_a6w4_preshuffle[1024-8192-8192-64-256-256-fp16] ================================================================================
MFMA W4A6 (MXFP6 A × MXFP4 B) GEMM Test (Tile: 64x256x256)
================================================================================
✓ Compiled (waves_per_eu=None)
[flyc] W4A6 Throughput: 76.2 us, 1802.82 TFLOPS, BW: 0.801 TB/s
PASSED
tests/kernels/test_preshuffle_gemm.py::test_mfma_a6w4_preshuffle[256-4096-14336-128-256-256-bf16] ================================================================================
MFMA W4A6 (MXFP6 A × MXFP4 B) GEMM Test (Tile: 128x256x256)
================================================================================
✓ Compiled (waves_per_eu=None)
[flyc] W4A6 Throughput: 186.0 us, 161.68 TFLOPS, BW: 0.199 TB/s
PASSED
tests/kernels/test_preshuffle_gemm.py::test_mfma_a6w4_preshuffle[256-4096-14336-128-256-256-fp16] ================================================================================
MFMA W4A6 (MXFP6 A × MXFP4 B) GEMM Test (Tile: 128x256x256)
================================================================================
✓ Compiled (waves_per_eu=None)
[flyc] W4A6 Throughput: 155.8 us, 192.98 TFLOPS, BW: 0.238 TB/s
PASSED

====================== 10 passed, 160 deselected in 4.91s ======================
6 (MXFP6 A × MXFP4 B) GEMM Test (Tile: 128x256x256)
================================================================================
✓ Compiled (waves_per_eu=None)
[flyc] W4A6 Throughput: 156.0 us, 192.75 TFLOPS, BW: 0.238 TB/s
PASSED

===================== 10 passed, 160 deselected in 18.35s ======================
