============================= test session starts ==============================
platform linux -- Python 3.12.3, pytest-9.0.2, pluggy-1.6.0 -- /tmp/amdpilot-repo-j-6fa01ece0553/venv/bin/python
cachedir: .pytest_cache
hypothesis profile 'default'
rootdir: /job/repo/tests
configfile: pytest.ini
plugins: hypothesis-6.150.2, anyio-4.14.2
collecting ... [aiter] WARNING: NUMA balancing is enabled, which may cause errors. It is recommended to disable NUMA balancing by running "sudo sh -c 'echo 0 > /proc/sys/kernel/numa_balancing'" for more details: https://rocm.docs.amd.com/en/latest/how-to/system-optimization/mi300x.html#disable-numa-auto-balancing
[aiter] import [module_aiter_core] under /tmp/amdpilot-repo-j-6fa01ece0553/cache/aiter/module_aiter_core.so
collected 170 items / 160 deselected / 10 selected

tests/kernels/test_preshuffle_gemm.py::test_mfma_a6w4_preshuffle[64-8192-8192-64-128-128-bf16] [W912 03:46:11.659056142 collection.cpp:1133] Warning: ROCTracer produced duplicate flow start: 1 (function operator())
================================================================================
MFMA W4A6 (MXFP6 A × MXFP4 B) GEMM Test (Tile: 64x128x128)
================================================================================
✓ Compiled (waves_per_eu=None)
[flyc] W4A6 Throughput: 54.2 us, 158.61 TFLOPS, BW: 0.688 TB/s
PASSED
tests/kernels/test_preshuffle_gemm.py::test_mfma_a6w4_preshuffle[64-8192-8192-64-128-128-fp16] ================================================================================
MFMA W4A6 (MXFP6 A × MXFP4 B) GEMM Test (Tile: 64x128x128)
================================================================================
✓ Compiled (waves_per_eu=None)
[flyc] W4A6 Throughput: 54.1 us, 158.85 TFLOPS, BW: 0.689 TB/s
PASSED
tests/kernels/test_preshuffle_gemm.py::test_mfma_a6w4_preshuffle[32-8192-8192-32-128-256-bf16] ================================================================================
MFMA W4A6 (MXFP6 A × MXFP4 B) GEMM Test (Tile: 32x128x256)
================================================================================
✓ Compiled (waves_per_eu=None)
[flyc] W4A6 Throughput: 29.2 us, 147.28 TFLOPS, BW: 1.250 TB/s
PASSED
tests/kernels/test_preshuffle_gemm.py::test_mfma_a6w4_preshuffle[32-8192-8192-32-128-256-fp16] ================================================================================
MFMA W4A6 (MXFP6 A × MXFP4 B) GEMM Test (Tile: 32x128x256)
================================================================================
✓ Compiled (waves_per_eu=None)
[flyc] W4A6 Throughput: 29.3 us, 146.63 TFLOPS, BW: 1.244 TB/s
PASSED
tests/kernels/test_preshuffle_gemm.py::test_mfma_a6w4_preshuffle[128-8192-8192-64-128-256-bf16] ================================================================================
MFMA W4A6 (MXFP6 A × MXFP4 B) GEMM Test (Tile: 64x128x256)
================================================================================
✓ Compiled (waves_per_eu=None)
[flyc] W4A6 Throughput: 39.8 us, 431.53 TFLOPS, BW: 0.975 TB/s
PASSED
tests/kernels/test_preshuffle_gemm.py::test_mfma_a6w4_preshuffle[128-8192-8192-64-128-256-fp16] ================================================================================
MFMA W4A6 (MXFP6 A × MXFP4 B) GEMM Test (Tile: 64x128x256)
================================================================================
✓ Compiled (waves_per_eu=None)
[flyc] W4A6 Throughput: 40.1 us, 428.62 TFLOPS, BW: 0.969 TB/s
PASSED
tests/kernels/test_preshuffle_gemm.py::test_mfma_a6w4_preshuffle[1024-8192-8192-64-256-256-bf16] ================================================================================
MFMA W4A6 (MXFP6 A × MXFP4 B) GEMM Test (Tile: 64x256x256)
================================================================================
✓ Compiled (waves_per_eu=None)
[flyc] W4A6 Throughput: 77.1 us, 1783.32 TFLOPS, BW: 0.793 TB/s
PASSED
tests/kernels/test_preshuffle_gemm.py::test_mfma_a6w4_preshuffle[1024-8192-8192-64-256-256-fp16] ================================================================================
MFMA W4A6 (MXFP6 A × MXFP4 B) GEMM Test (Tile: 64x256x256)
================================================================================
✓ Compiled (waves_per_eu=None)
[flyc] W4A6 Throughput: 78.0 us, 1761.91 TFLOPS, BW: 0.783 TB/s
PASSED
tests/kernels/test_preshuffle_gemm.py::test_mfma_a6w4_preshuffle[256-4096-14336-128-256-256-bf16] ================================================================================
MFMA W4A6 (MXFP6 A × MXFP4 B) GEMM Test (Tile: 128x256x256)
================================================================================
✓ Compiled (waves_per_eu=None)
[flyc] W4A6 Throughput: 155.8 us, 192.92 TFLOPS, BW: 0.238 TB/s
PASSED
tests/kernels/test_preshuffle_gemm.py::test_mfma_a6w4_preshuffle[256-4096-14336-128-256-256-fp16] ================================================================================
MFMA W4A6 (MXFP6 A × MXFP4 B) GEMM Test (Tile: 128x256x256)
================================================================================
✓ Compiled (waves_per_eu=None)
[flyc] W4A6 Throughput: 156.2 us, 192.49 TFLOPS, BW: 0.237 TB/s
PASSED

====================== 10 passed, 160 deselected in 3.85s ======================
