============================= test session starts ==============================
platform linux -- Python 3.12.3, pytest-9.0.2, pluggy-1.6.0 -- /tmp/amdpilot-repo-j-833dd346ed89/venv/bin/python
cachedir: .pytest_cache
hypothesis profile 'default'
rootdir: /job/repo/tests
configfile: pytest.ini
plugins: hypothesis-6.150.2, anyio-4.14.2
collecting ... collected 1 item

tests/unit/test_pointer_argument_vec_add.py::test_pointer_argument_vector_add PASSED

============================== 1 passed in 1.00s ===============================
